############################
########## Wed Dec  4 14:52:09 CET 2019 ###########
############################
##### # calculate halfway image and calculate base images for Subject ADI069 #####
##### # calculate halfway image and calculate base images for Subject ADI036 #####
##### # calculate halfway image and calculate base images for Subject ADI124 #####
##### # calculate halfway image and calculate base images for Subject ADI046 #####
##### # calculate halfway image and calculate base images for Subject ADI068 #####
##### # calculate halfway image and calculate base images for Subject ADI020 #####
##### # calculate halfway image and calculate base images for Subject ADI140 #####
##### # calculate halfway image and calculate base images for Subject ADI045 #####
##### # calculate halfway image and calculate base images for Subject ADI009 #####
##### # calculate halfway image and calculate base images for Subject ADI041 #####
##### # calculate halfway image and calculate base images for Subject ADI025 #####
##### # calculate halfway image and calculate base images for Subject ADI111 #####
##### # calculate halfway image and calculate base images for Subject ADI064 #####
##### # calculate halfway image and calculate base images for Subject ADI107 #####
##### # calculate halfway image and calculate base images for Subject ADI072 #####
##### # calculate halfway image and calculate base images for Subject ADI087 #####
##### # calculate halfway image and calculate base images for Subject ADI048 #####
##### # calculate halfway image and calculate base images for Subject ADI049 #####
##### # calculate halfway image and calculate base images for Subject ADI016 #####
##### # calculate halfway image and calculate base images for Subject ADI062 #####
##### # calculate halfway image and calculate base images for Subject ADI116 #####
##### # calculate halfway image and calculate base images for Subject ADI139 #####
##### # calculate halfway image and calculate base images for Subject ADI013 #####
##### # calculate halfway image and calculate base images for Subject ADI063 #####
##### # calculate halfway image and calculate base images for Subject ADI061 #####
##### # calculate halfway image and calculate base images for Subject ADI006 #####
##### # calculate halfway image and calculate base images for Subject ADI102 #####
##### # calculate halfway image and calculate base images for Subject ADI097 #####
############################
########## Fri Dec  6 11:28:41 CET 2019 ###########
############################
##### # calculate halfway image and calculate base images for Subject ADI020 #####
############################
########## Tue Jan  7 16:51:25 CET 2020 ###########
############################
##### # calculate halfway image and calculate base images for Subject ADI036 with FU2 #####
##### # calculate halfway image and calculate base images for Subject ADI124 with FU2 #####
##### # calculate halfway image and calculate base images for Subject ADI046 with FU2 #####
##### # calculate halfway image and calculate base images for Subject ADI068 with FU2 #####
##### # calculate halfway image and calculate base images for Subject ADI020 with FU2 #####
##### # calculate halfway image and calculate base images for Subject ADI140 with FU2 #####
##### # calculate halfway image and calculate base images for Subject ADI045 with FU2 #####
##### # calculate halfway image and calculate base images for Subject ADI009 with FU2 #####
##### # calculate halfway image and calculate base images for Subject ADI111 with FU2 #####
##### # calculate halfway image and calculate base images for Subject ADI064 with FU2 #####
##### # calculate halfway image and calculate base images for Subject ADI072 with FU2 #####
##### # calculate halfway image and calculate base images for Subject ADI087 with FU2 #####
##### # calculate halfway image and calculate base images for Subject ADI048 with FU2 #####
##### # calculate halfway image and calculate base images for Subject ADI049 with FU2 #####
##### # calculate halfway image and calculate base images for Subject ADI016 with FU2 #####
##### # calculate halfway image and calculate base images for Subject ADI062 with FU2 #####
##### # calculate halfway image and calculate base images for Subject ADI116 with FU2 #####
##### # calculate halfway image and calculate base images for Subject ADI061 with FU2 #####
##### # calculate halfway image and calculate base images for Subject ADI006 with FU2 #####
##### # calculate halfway image and calculate base images for Subject ADI097 with FU2 #####
############################
########## Tue Jan  7 17:24:48 CET 2020 ###########
############################
##### # calculate halfway image and calculate base images for Subject ADI036 with FU2 #####
##### # calculate halfway image and calculate base images for Subject ADI124 with FU2 #####
##### # calculate halfway image and calculate base images for Subject ADI046 with FU2 #####
##### # calculate halfway image and calculate base images for Subject ADI068 with FU2 #####
##### # calculate halfway image and calculate base images for Subject ADI020 with FU2 #####
##### # calculate halfway image and calculate base images for Subject ADI140 with FU2 #####
##### # calculate halfway image and calculate base images for Subject ADI045 with FU2 #####
##### # calculate halfway image and calculate base images for Subject ADI009 with FU2 #####
##### # calculate halfway image and calculate base images for Subject ADI111 with FU2 #####
##### # calculate halfway image and calculate base images for Subject ADI064 with FU2 #####
##### # calculate halfway image and calculate base images for Subject ADI072 with FU2 #####
##### # calculate halfway image and calculate base images for Subject ADI087 with FU2 #####
##### # calculate halfway image and calculate base images for Subject ADI048 with FU2 #####
##### # calculate halfway image and calculate base images for Subject ADI049 with FU2 #####
##### # calculate halfway image and calculate base images for Subject ADI016 with FU2 #####
##### # calculate halfway image and calculate base images for Subject ADI062 with FU2 #####
##### # calculate halfway image and calculate base images for Subject ADI116 with FU2 #####
##### # calculate halfway image and calculate base images for Subject ADI061 with FU2 #####
##### # calculate halfway image and calculate base images for Subject ADI006 with FU2 #####
##### # calculate halfway image and calculate base images for Subject ADI097 with FU2 #####
############################
########## Tue Jan  7 17:25:56 CET 2020 ###########
############################
##### # calculate halfway image and calculate base images for Subject ADI036 with FU2 #####
##### # calculate halfway image and calculate base images for Subject ADI124 with FU2 #####
##### # calculate halfway image and calculate base images for Subject ADI046 with FU2 #####
##### # calculate halfway image and calculate base images for Subject ADI068 with FU2 #####
##### # calculate halfway image and calculate base images for Subject ADI020 with FU2 #####
##### # calculate halfway image and calculate base images for Subject ADI140 with FU2 #####
##### # calculate halfway image and calculate base images for Subject ADI045 with FU2 #####
##### # calculate halfway image and calculate base images for Subject ADI009 with FU2 #####
##### # calculate halfway image and calculate base images for Subject ADI111 with FU2 #####
##### # calculate halfway image and calculate base images for Subject ADI064 with FU2 #####
##### # calculate halfway image and calculate base images for Subject ADI072 with FU2 #####
##### # calculate halfway image and calculate base images for Subject ADI087 with FU2 #####
##### # calculate halfway image and calculate base images for Subject ADI048 with FU2 #####
##### # calculate halfway image and calculate base images for Subject ADI049 with FU2 #####
##### # calculate halfway image and calculate base images for Subject ADI016 with FU2 #####
##### # calculate halfway image and calculate base images for Subject ADI062 with FU2 #####
##### # calculate halfway image and calculate base images for Subject ADI116 with FU2 #####
##### # calculate halfway image and calculate base images for Subject ADI061 with FU2 #####
##### # calculate halfway image and calculate base images for Subject ADI006 with FU2 #####
##### # calculate halfway image and calculate base images for Subject ADI097 with FU2 #####
############################
########## Wed Jan  8 11:08:20 CET 2020 ###########
############################
