############################
########## Tue Dec 10 13:08:17 CET 2019 ###########
############################
######split all_bl_skeletonised#######
######split all_fu_skeletonised#######
###### copy into group folders IG + KG #######
###### merge into new 4D volumes #######
############################
########## Tue Dec 10 13:10:58 CET 2019 ###########
############################
###### copy into group folders IG + KG #######
############################
########## Tue Dec 10 13:11:58 CET 2019 ###########
############################
######split all_bl_skeletonised#######
######split all_fu_skeletonised#######
############################
########## Tue Dec 10 13:14:27 CET 2019 ###########
############################
###### copy into group folders IG + KG #######
############################
########## Tue Dec 10 13:17:02 CET 2019 ###########
############################
###### copy into group folders IG + KG #######
############################
########## Tue Dec 10 13:18:07 CET 2019 ###########
############################
###### copy into group folders IG + KG #######
############################
########## Tue Dec 10 13:18:44 CET 2019 ###########
############################
###### copy into group folders IG + KG #######
############################
########## Tue Dec 10 13:19:06 CET 2019 ###########
############################
###### merge into new 4D volumes #######
############################
########## Tue Dec 10 13:20:48 CET 2019 ###########
############################
###### merge into new 4D volumes #######
############################
########## Thu Jan  9 10:48:36 CET 2020 ###########
############################
############################
########## BL + FU2 ###########
############################
######split all_bl_skeletonised#######
######split all_fu2_skeletonised#######
###### copy into group folders IG + KG #######
###### merge into new 4D volumes #######
############################
########## Thu Jan  9 10:50:55 CET 2020 ###########
############################
############################
########## BL + FU2 ###########
############################
######split all_bl_skeletonised#######
######split all_fu2_skeletonised#######
###### copy into group folders IG + KG #######
###### merge into new 4D volumes #######
